用户：wxihua 时间：2016-11-07 18:06:37 ||内容：添加了一个分类 车公灵签 
----------------------------------------
用户：wxihua 时间：2016-11-07 21:46:44 ||内容：添加了一个分类 王公灵签 
----------------------------------------
用户：wxihua 时间：2016-11-12 12:53:03 ||内容：添加了一个分类 星座专区 
----------------------------------------
用户：wxihua 时间：2016-11-12 12:53:16 ||内容：添加了一个分类 星座运势 
----------------------------------------
用户：wxihua 时间：2016-11-12 13:32:47 ||内容：修改 classid 为:476的分类信息！ 
----------------------------------------
用户：wxihua 时间：2016-11-12 13:33:57 ||内容：修改 classid 为:475的分类信息！ 
----------------------------------------
用户：wxihua 时间：2016-11-12 13:34:11 ||内容：修改 classid 为:476的分类信息！ 
----------------------------------------
用户：wxihua 时间：2016-11-13 10:18:34 ||内容：修改 classid 为:475的分类信息！ 
----------------------------------------
用户：wxihua 时间：2016-11-13 10:19:11 ||内容：修改 classid 为:476的分类信息！ 
----------------------------------------
用户：wxihua 时间：2016-11-13 10:22:47 ||内容：修改 classid 为:475的分类信息！ 
----------------------------------------
用户：wxihua 时间：2016-11-13 10:23:25 ||内容：修改 classid 为:476的分类信息！ 
----------------------------------------
用户：wxihua 时间：2017-11-28 18:04:31 ||内容：执行了一次删除管理员操作 
----------------------------------------
用户：admin 时间：2017-11-28 18:05:48 ||内容：修改了管理员 1 的密码！ 
----------------------------------------
用户：wxihua 时间：2018-05-10 18:47:26 ||内容：执行了一次删除管理员操作 
----------------------------------------
用户：wxihua 时间：2018-05-10 18:47:40 ||内容：修改了管理员 1 的密码！ 
----------------------------------------
用户：admin 时间：2018-05-11 18:16:33 ||内容：修改 classid 为:349的分类信息！ 
----------------------------------------
用户：admin 时间：2018-05-11 18:16:50 ||内容：修改 classid 为:349的分类信息！ 
----------------------------------------
用户：admin 时间：2018-05-11 18:17:12 ||内容：修改 classid 为:364的分类信息！ 
----------------------------------------
用户：admin 时间：2018-05-11 18:18:20 ||内容：修改 classid 为:364的分类信息！ 
----------------------------------------
用户：admin 时间：2018-05-11 20:30:25 ||内容：修改 classid 为:417的分类信息！ 
----------------------------------------
用户：admin 时间：2018-05-11 20:31:08 ||内容：修改 classid 为:349的分类信息！ 
----------------------------------------
用户：admin 时间：2018-05-11 20:31:18 ||内容：修改 classid 为:364的分类信息！ 
----------------------------------------
用户：admin 时间：2018-05-11 20:32:28 ||内容：修改 classid 为:391的分类信息！ 
----------------------------------------
用户：admin 时间：2018-05-11 20:32:57 ||内容：修改 classid 为:397的分类信息！ 
----------------------------------------
用户：admin 时间：2018-05-11 20:33:14 ||内容：修改 classid 为:467的分类信息！ 
----------------------------------------
用户：admin 时间：2018-05-11 20:33:26 ||内容：修改 classid 为:435的分类信息！ 
----------------------------------------
用户：admin 时间：2018-05-11 20:33:37 ||内容：修改 classid 为:437的分类信息！ 
----------------------------------------
用户：admin 时间：2018-05-11 20:33:53 ||内容：修改 classid 为:468的分类信息！ 
----------------------------------------
用户：admin 时间：2018-05-11 20:35:08 ||内容：修改 classid 为:470的分类信息！ 
----------------------------------------
用户：admin 时间：2018-05-11 20:50:29 ||内容：修改 classid 为:344的分类信息！ 
----------------------------------------
用户：admin 时间：2018-05-12 13:29:15 ||内容：修改 classid 为:368的分类信息！ 
----------------------------------------
用户：admin 时间：2018-05-12 13:40:54 ||内容：修改 classid 为:368的分类信息！ 
----------------------------------------
用户：admin 时间：2018-05-12 13:45:43 ||内容：修改 classid 为:368的分类信息！ 
----------------------------------------
用户：admin 时间：2018-05-13 12:08:31 ||内容：修改 classid 为:466的分类信息！ 
----------------------------------------
用户：admin 时间：2018-05-13 12:08:39 ||内容：修改 classid 为:465的分类信息！ 
----------------------------------------
用户：admin 时间：2018-05-13 12:08:49 ||内容：修改 classid 为:464的分类信息！ 
----------------------------------------
用户：admin 时间：2018-05-13 12:09:03 ||内容：修改 classid 为:391的分类信息！ 
----------------------------------------
用户：admin 时间：2018-05-13 12:11:36 ||内容：修改 classid 为:393的分类信息！ 
----------------------------------------
用户：admin 时间：2018-05-13 12:11:45 ||内容：修改 classid 为:394的分类信息！ 
----------------------------------------
用户：admin 时间：2018-05-13 12:41:43 ||内容：修改 classid 为:399的分类信息！ 
----------------------------------------
用户：admin 时间：2018-05-13 12:47:06 ||内容：修改 classid 为:474的分类信息！ 
----------------------------------------
用户：admin 时间：2018-05-13 12:47:17 ||内容：修改 classid 为:400的分类信息！ 
----------------------------------------
用户：admin 时间：2018-05-13 12:47:24 ||内容：修改 classid 为:473的分类信息！ 
----------------------------------------
用户：admin 时间：2018-05-13 12:48:44 ||内容：修改 classid 为:468的分类信息！ 
----------------------------------------
用户：admin 时间：2018-05-13 12:50:17 ||内容：修改 classid 为:469的分类信息！ 
----------------------------------------
用户：admin 时间：2018-05-13 12:51:56 ||内容：添加了一个分类 今日黄历 
----------------------------------------
用户：admin 时间：2018-05-13 13:12:37 ||内容：修改 classid 为:431的分类信息！ 
----------------------------------------
用户：admin 时间：2018-06-19 13:54:45 ||内容：增加了一个管理员 
----------------------------------------
用户：admin 时间：2018-06-19 13:58:05 ||内容：增加了一个管理员 
----------------------------------------
用户：admin 时间：2018-06-19 13:59:58 ||内容：执行了一次删除管理员操作 
----------------------------------------
用户：admin 时间：2018-09-01 22:40:10 ||内容：增加了一个管理员 
----------------------------------------
用户：admin 时间：2018-09-01 22:44:35 ||内容：执行了一次删除管理员操作 
----------------------------------------
用户：admin 时间：2018-09-01 23:36:02 ||内容：修改了管理员 4 的密码！ 
----------------------------------------
用户：admin 时间：2018-09-01 23:36:09 ||内容：修改了管理员 3 的密码！ 
----------------------------------------
用户：admin 时间：2018-09-02 00:18:54 ||内容：修改了管理员 3 的密码！ 
----------------------------------------
用户：admin 时间：2018-09-04 20:44:32 ||内容：修改了管理员 10 的密码！ 
----------------------------------------
用户：admin 时间：2018-09-19 12:48:30 ||内容：修改 classid 为:368的分类信息！ 
----------------------------------------
用户：admin 时间：2018-12-03 17:34:35 ||内容：修改了管理员 11 的密码！ 
----------------------------------------
用户：admin 时间：2018-12-03 17:35:59 ||内容：修改了管理员 11 的密码！ 
----------------------------------------
用户：admin 时间：2018-12-03 17:36:24 ||内容：修改了管理员 11 的密码！ 
----------------------------------------
用户：admin 时间：2019-01-15 23:07:02 ||内容：修改了管理员 1 的密码！ 
----------------------------------------
用户：admin 时间：2019-01-15 23:10:21 ||内容：修改了管理员 1 的密码！ 
----------------------------------------
用户：admin 时间：2019-01-15 23:17:09 ||内容：修改了管理员 1 的密码！ 
----------------------------------------
用户：admin 时间：2019-01-15 23:22:22 ||内容：修改了管理员 1 的密码！ 
----------------------------------------
用户：admin 时间：2019-01-16 15:24:40 ||内容：修改了管理员 56 的密码！ 
----------------------------------------
用户：admin 时间：2019-01-16 15:24:50 ||内容：修改了管理员 56 的密码！ 
----------------------------------------
用户：admin 时间：2019-01-16 15:25:10 ||内容：修改了管理员 3 的密码！ 
----------------------------------------
用户：admin 时间：2019-01-16 15:26:46 ||内容：修改了管理员 3 的密码！ 
----------------------------------------
用户：admin 时间：2019-01-18 12:28:43 ||内容：修改了管理员 1 的密码！ 
----------------------------------------
用户：admin 时间：2019-01-18 12:29:50 ||内容：修改了管理员 1 的密码！ 
----------------------------------------
用户：admin 时间：2019-03-04 16:39:31 ||内容：修改了管理员 3 的密码！ 
----------------------------------------
用户：admin 时间：2019-03-04 17:16:55 ||内容：修改了管理员 1 的密码！ 
----------------------------------------
用户：admin 时间：2019-03-04 17:17:05 ||内容：修改了管理员 1 的密码！ 
----------------------------------------
用户：admin 时间：2019-03-06 18:45:59 ||内容：修改了管理员 1 的密码！ 
----------------------------------------
用户：admin 时间：2019-03-06 18:54:37 ||内容：修改了管理员 1 的密码！ 
----------------------------------------
用户：admin 时间：2019-03-06 18:55:04 ||内容：修改了管理员 1 的密码！ 
----------------------------------------
用户：admin 时间：2019-03-06 18:56:40 ||内容：修改了管理员 1 的密码！ 
----------------------------------------
用户：admin 时间：2019-03-06 18:56:54 ||内容：修改了管理员 1 的密码！ 
----------------------------------------
用户：admin 时间：2019-03-06 18:57:47 ||内容：修改了管理员 1 的密码！ 
----------------------------------------
用户：admin 时间：2019-03-06 18:58:20 ||内容：修改了管理员 3 的密码！ 
----------------------------------------
用户：admin 时间：2019-04-06 00:31:24 ||内容：修改了管理员 1 的密码！ 
----------------------------------------
用户：ceshi 时间：2019-04-07 18:42:37 ||内容：修改了管理员 1 的密码！ 
----------------------------------------
用户：ceshi 时间：2019-04-07 19:15:10 ||内容：执行了一次删除管理员操作 
----------------------------------------
用户：ceshi 时间：2019-04-07 19:15:35 ||内容：增加了一个管理员 
----------------------------------------
用户：admin 时间：2019-04-12 11:57:51 ||内容：修改了管理员 3 的密码！ 
----------------------------------------
用户：admin 时间：2019-04-18 18:52:49 ||内容：修改了管理员 736 的密码！ 
----------------------------------------
用户：admin 时间：2019-04-18 18:53:19 ||内容：修改了管理员 736 的密码！ 
----------------------------------------
用户：admin 时间：2019-04-24 15:30:36 ||内容：删除 classid 为:366的网站分类信息！ 
----------------------------------------
用户：admin 时间：2019-04-26 09:16:28 ||内容：修改了管理员 3 的密码！ 
----------------------------------------
用户：admin 时间：2019-05-06 12:43:04 ||内容：修改了管理员 10 的密码！ 
----------------------------------------
用户：admin 时间：2019-05-08 11:39:02 ||内容：修改了管理员 5 的密码！ 
----------------------------------------
用户：admin 时间：2019-05-11 13:23:25 ||内容：修改了管理员 711 的密码！ 
----------------------------------------
用户：admin 时间：2019-06-14 16:57:22 ||内容：增加了一个管理员 
----------------------------------------
用户：admin 时间：2019-06-14 16:58:23 ||内容：修改了管理员 764 的密码！ 
----------------------------------------
用户：admin 时间：2019-06-16 16:14:44 ||内容：修改 classid 为:365的分类信息！ 
----------------------------------------
用户：admin 时间：2019-06-16 16:14:51 ||内容：删除 classid 为:365的网站分类信息！ 
----------------------------------------
用户：admin 时间：2019-06-26 09:36:12 ||内容：增加了一个管理员 
----------------------------------------
用户：admin 时间：2019-06-26 12:21:07 ||内容：修改了管理员 726 的密码！ 
----------------------------------------
用户：admin 时间：2019-06-26 12:21:51 ||内容：执行了一次删除管理员操作 
----------------------------------------
用户：admin 时间：2019-06-26 12:22:07 ||内容：执行了一次删除管理员操作 
----------------------------------------
用户：ceshi 时间：2019-07-04 11:52:04 ||内容：修改了管理员 1 的密码！ 
----------------------------------------
用户：admin 时间：2019-09-29 11:29:44 ||内容：修改了管理员 3 的密码！ 
----------------------------------------
用户：admin 时间：2019-09-30 10:48:18 ||内容：修改了管理员 42 的密码！ 
----------------------------------------
用户：admin 时间：2019-11-25 20:29:40 ||内容：修改了管理员 1 的密码！ 
----------------------------------------
用户：admin 时间：2019-12-02 23:00:52 ||内容：执行了一次删除管理员操作 
----------------------------------------
用户：admin 时间：2019-12-02 23:03:45 ||内容：执行了一次删除管理员操作 
----------------------------------------
用户：admin 时间：2019-12-03 11:32:42 ||内容：执行了一次删除管理员操作 
----------------------------------------
用户：admin 时间：2019-12-03 14:31:49 ||内容：执行了一次删除管理员操作 
----------------------------------------
用户：admin 时间：2019-12-03 14:31:55 ||内容：执行了一次删除管理员操作 
----------------------------------------
用户：ceshi 时间：2019-12-03 15:53:39 ||内容：执行了一次删除管理员操作 
----------------------------------------
用户：ceshi 时间：2019-12-03 15:54:02 ||内容：增加了一个管理员 
----------------------------------------
用户：admin11 时间：2019-12-03 15:57:04 ||内容：执行了一次删除管理员操作 
----------------------------------------
用户：admin11 时间：2019-12-03 16:43:51 ||内容：增加了一个管理员 
----------------------------------------
用户：admin11 时间：2019-12-03 16:44:33 ||内容：修改了管理员 737 的密码！ 
----------------------------------------
用户：admin 时间：2019-12-04 14:32:07 ||内容：增加了一个管理员 
----------------------------------------
用户：admin 时间：2019-12-04 14:34:32 ||内容：修改了管理员 741 的密码！ 
----------------------------------------
用户：admin 时间：2019-12-04 18:19:51 ||内容：修改了管理员 16 的密码！ 
----------------------------------------
用户：adminlkj 时间：2019-12-05 11:41:16 ||内容：执行了一次删除管理员操作 
----------------------------------------
用户：adminlkj 时间：2019-12-05 11:42:15 ||内容：执行了一次删除管理员操作 
----------------------------------------
用户：adminlkj 时间：2019-12-05 11:42:34 ||内容：执行了一次删除管理员操作 
----------------------------------------
用户：adminlkj 时间：2019-12-05 11:42:38 ||内容：执行了一次删除管理员操作 
----------------------------------------
用户：adminlkj 时间：2019-12-05 11:42:44 ||内容：执行了一次删除管理员操作 
----------------------------------------
用户：adminlkj 时间：2019-12-05 11:42:49 ||内容：执行了一次删除管理员操作 
----------------------------------------
用户：adminlkj 时间：2019-12-05 11:42:53 ||内容：执行了一次删除管理员操作 
----------------------------------------
用户：adminlkj 时间：2019-12-05 11:42:57 ||内容：执行了一次删除管理员操作 
----------------------------------------
用户：adminlkj 时间：2019-12-05 11:43:01 ||内容：执行了一次删除管理员操作 
----------------------------------------
用户：adminlkj 时间：2019-12-05 11:43:07 ||内容：执行了一次删除管理员操作 
----------------------------------------
用户：adminlkj 时间：2019-12-05 11:43:14 ||内容：执行了一次删除管理员操作 
----------------------------------------
用户：adminlkj 时间：2019-12-05 11:43:18 ||内容：执行了一次删除管理员操作 
----------------------------------------
用户：adminlkj 时间：2019-12-05 11:43:25 ||内容：执行了一次删除管理员操作 
----------------------------------------
用户：adminlkj 时间：2019-12-05 11:43:30 ||内容：执行了一次删除管理员操作 
----------------------------------------
用户：adminlkj 时间：2019-12-05 11:43:34 ||内容：执行了一次删除管理员操作 
----------------------------------------
用户：adminlkj 时间：2019-12-05 11:43:39 ||内容：执行了一次删除管理员操作 
----------------------------------------
用户：adminlkj 时间：2019-12-05 11:43:44 ||内容：执行了一次删除管理员操作 
----------------------------------------
用户：adminlkj 时间：2019-12-05 11:43:51 ||内容：执行了一次删除管理员操作 
----------------------------------------
用户：adminlkj 时间：2019-12-05 11:43:58 ||内容：执行了一次删除管理员操作 
----------------------------------------
用户：adminlkj 时间：2019-12-05 11:44:02 ||内容：执行了一次删除管理员操作 
----------------------------------------
用户：adminlkj 时间：2019-12-05 11:44:49 ||内容：执行了一次删除管理员操作 
----------------------------------------
用户：adminlkj 时间：2019-12-05 11:44:57 ||内容：执行了一次删除管理员操作 
----------------------------------------
用户：adminlkj 时间：2019-12-05 11:45:01 ||内容：执行了一次删除管理员操作 
----------------------------------------
用户：adminlkj 时间：2019-12-05 11:45:06 ||内容：执行了一次删除管理员操作 
----------------------------------------
用户：adminlkj 时间：2019-12-05 11:45:09 ||内容：执行了一次删除管理员操作 
----------------------------------------
用户：adminlkj 时间：2019-12-05 11:45:14 ||内容：执行了一次删除管理员操作 
----------------------------------------
用户：adminlkj 时间：2019-12-05 11:45:18 ||内容：执行了一次删除管理员操作 
----------------------------------------
用户：adminlkj 时间：2019-12-05 11:45:22 ||内容：执行了一次删除管理员操作 
----------------------------------------
用户：adminlkj 时间：2019-12-05 11:45:25 ||内容：执行了一次删除管理员操作 
----------------------------------------
用户：adminlkj 时间：2019-12-05 11:45:35 ||内容：执行了一次删除管理员操作 
----------------------------------------
用户：adminlkj 时间：2019-12-05 11:45:44 ||内容：执行了一次删除管理员操作 
----------------------------------------
用户：adminlkj 时间：2019-12-06 11:41:12 ||内容：增加了一个管理员 
----------------------------------------
用户：adminlkj 时间：2019-12-06 11:45:50 ||内容：修改了管理员 742 的密码！ 
----------------------------------------
用户：adminlkj 时间：2019-12-06 11:50:29 ||内容：增加了一个管理员 
----------------------------------------
用户：adminlkj 时间：2019-12-06 11:51:30 ||内容：执行了一次删除管理员操作 
----------------------------------------
用户：adminlkj 时间：2019-12-06 17:36:55 ||内容：执行了一次删除管理员操作 
----------------------------------------
用户：adminlkj 时间：2019-12-06 17:36:59 ||内容：执行了一次删除管理员操作 
----------------------------------------
用户：adminlkj 时间：2019-12-06 17:37:04 ||内容：执行了一次删除管理员操作 
----------------------------------------
用户：adminlkj 时间：2019-12-06 17:37:11 ||内容：执行了一次删除管理员操作 
----------------------------------------
用户：adminlkj 时间：2019-12-06 17:37:15 ||内容：执行了一次删除管理员操作 
----------------------------------------
用户：adminlkj 时间：2019-12-06 17:37:21 ||内容：执行了一次删除管理员操作 
----------------------------------------
用户：adminlkj 时间：2019-12-06 17:37:25 ||内容：执行了一次删除管理员操作 
----------------------------------------
用户：adminlkj 时间：2019-12-06 17:37:30 ||内容：执行了一次删除管理员操作 
----------------------------------------
用户：adminlkj 时间：2019-12-06 17:37:34 ||内容：执行了一次删除管理员操作 
----------------------------------------
用户：adminlkj 时间：2019-12-06 17:37:37 ||内容：执行了一次删除管理员操作 
----------------------------------------
用户：adminlkj 时间：2019-12-06 17:37:41 ||内容：执行了一次删除管理员操作 
----------------------------------------
用户：adminlkj 时间：2019-12-06 17:37:45 ||内容：执行了一次删除管理员操作 
----------------------------------------
用户：adminlkj 时间：2019-12-06 17:37:59 ||内容：执行了一次删除管理员操作 
----------------------------------------
用户：adminlkj 时间：2019-12-06 17:38:05 ||内容：执行了一次删除管理员操作 
----------------------------------------
用户：adminlkj 时间：2019-12-06 17:38:10 ||内容：执行了一次删除管理员操作 
----------------------------------------
用户：adminlkj 时间：2019-12-06 17:38:16 ||内容：执行了一次删除管理员操作 
----------------------------------------
用户：adminlkj 时间：2019-12-06 17:38:23 ||内容：执行了一次删除管理员操作 
----------------------------------------
用户：adminlkj 时间：2019-12-06 17:38:28 ||内容：执行了一次删除管理员操作 
----------------------------------------
用户：adminlkj 时间：2019-12-06 17:38:33 ||内容：执行了一次删除管理员操作 
----------------------------------------
用户：adminlkj 时间：2019-12-06 17:38:37 ||内容：执行了一次删除管理员操作 
----------------------------------------
用户：adminlkj 时间：2019-12-06 17:38:42 ||内容：执行了一次删除管理员操作 
----------------------------------------
用户：adminlkj 时间：2019-12-06 17:38:47 ||内容：执行了一次删除管理员操作 
----------------------------------------
用户：adminlkj 时间：2019-12-06 17:39:02 ||内容：执行了一次删除管理员操作 
----------------------------------------
用户：adminlkj 时间：2019-12-06 17:39:08 ||内容：执行了一次删除管理员操作 
----------------------------------------
用户：adminlkj 时间：2019-12-06 17:39:13 ||内容：执行了一次删除管理员操作 
----------------------------------------
用户：adminlkj 时间：2019-12-06 17:39:18 ||内容：执行了一次删除管理员操作 
----------------------------------------
用户：adminlkj 时间：2019-12-06 17:39:23 ||内容：执行了一次删除管理员操作 
----------------------------------------
用户：adminlkj 时间：2019-12-06 17:39:27 ||内容：执行了一次删除管理员操作 
----------------------------------------
用户：adminlkj 时间：2019-12-06 17:39:31 ||内容：执行了一次删除管理员操作 
----------------------------------------
用户：adminlkj 时间：2019-12-06 17:39:40 ||内容：执行了一次删除管理员操作 
----------------------------------------
用户：adminlkj 时间：2019-12-06 17:42:56 ||内容：执行了一次删除管理员操作 
----------------------------------------
用户：adminlkj 时间：2019-12-06 17:43:03 ||内容：执行了一次删除管理员操作 
----------------------------------------
用户：ceshi 时间：2019-12-11 14:50:44 ||内容：增加了一个管理员 
----------------------------------------
用户：admin 时间：2020-02-12 09:15:07 ||内容：执行了一次删除管理员操作 
----------------------------------------
用户：admin 时间：2020-02-12 09:15:12 ||内容：执行了一次删除管理员操作 
----------------------------------------
用户：admin 时间：2020-02-12 09:15:28 ||内容：修改了管理员 738 的密码！ 
----------------------------------------
用户：admin 时间：2020-04-26 23:01:45 ||内容：执行了一次删除管理员操作 
----------------------------------------
