2016-11-07 14:36:09	 2016-11-07 14:36:09 	 开始数据分析

开始分析数据http://www.meiguoshenpo.com/shengxiao/shu/

2016-11-07 14:38:38	 2016-11-07 14:38:38 	 开始数据分析

开始分析数据http://www.meiguoshenpo.com/shengxiao/shu/

2016-11-07 14:43:10	 2016-11-07 14:43:10 	 开始数据分析

开始分析数据http://www.meiguoshenpo.com/shengxiao/shu/

2016-11-07 14:43:26	 2016-11-07 14:43:26 	 开始数据分析

开始分析数据http://www.meiguoshenpo.com/shengxiao/shu/

采集成功

采集成功

采集成功

采集成功

采集成功

采集成功

采集成功

采集成功

采集成功

采集成功

采集成功

采集成功

开始分析数据http://www.meiguoshenpo.com/shengxiao/niu/

采集成功

采集成功

采集成功

采集成功

采集成功

采集成功

采集成功

采集成功

采集成功

采集成功

采集成功

采集成功

开始分析数据http://www.meiguoshenpo.com/shengxiao/hu/

采集成功

采集成功

采集成功

采集成功

采集成功

采集成功

采集成功

采集成功

采集成功

采集成功

采集成功

采集成功

开始分析数据http://www.meiguoshenpo.com/shengxiao/tu/

采集成功

采集成功

采集成功

采集成功

采集成功

采集成功

采集成功

采集成功

采集成功

采集成功

采集成功

采集成功

开始分析数据http://www.meiguoshenpo.com/shengxiao/long/

采集成功

采集成功

采集成功

采集成功

采集成功

采集成功

采集成功

采集成功

采集成功

采集成功

采集成功

采集成功

开始分析数据http://www.meiguoshenpo.com/shengxiao/she/

采集成功

采集成功

采集成功

采集成功

采集成功

采集成功

采集成功

采集成功

采集成功

采集成功

采集成功

采集成功

开始分析数据http://www.meiguoshenpo.com/shengxiao/ma/

采集成功

采集成功

采集成功

采集成功

采集成功

采集成功

采集成功

采集成功

采集成功

采集成功

采集成功

采集成功

开始分析数据http://www.meiguoshenpo.com/shengxiao/yang/

采集成功

采集成功

采集成功

采集成功

采集成功

采集成功

采集成功

采集成功

采集成功

采集成功

采集成功

采集成功

开始分析数据http://www.meiguoshenpo.com/shengxiao/hou/

采集成功

采集成功

采集成功

采集成功

采集成功

采集成功

采集成功

采集成功

采集成功

采集成功

采集成功

采集成功

开始分析数据http://www.meiguoshenpo.com/shengxiao/ji/

采集成功

采集成功

采集成功

采集成功

采集成功

采集成功

采集成功

采集成功

采集成功

采集成功

采集成功

采集成功

开始分析数据http://www.meiguoshenpo.com/shengxiao/gou/

采集成功

采集成功

采集成功

采集成功

采集成功

采集成功

采集成功

采集成功

采集成功

采集成功

采集成功

采集成功

开始分析数据http://www.meiguoshenpo.com/shengxiao/zhu/

采集成功

采集成功

采集成功

采集成功

采集成功

采集成功

采集成功

采集成功

采集成功

采集成功

采集成功

采集成功

2016-11-07 14:43:26	 2016-11-07 14:50:19 	 完成数据分析，耗时 413.82973814 s

2016-11-07 14:57:41	 2016-11-07 14:57:41 	 开始数据分析

开始分析数据http://www.meiguoshenpo.com/shengxiao/shu/

生肖鼠的感情世界cunzai

揭晓生肖鼠最适宜职业cunzai

生肖鼠该如何挽回破碎的爱情cunzai

年前生肖鼠需要谨防哪些事cunzai

生肖鼠，你的十一月财运如何cunzai

生肖鼠，你的十一月职场备战cunzai

11月份生肖鼠爱情运势走向cunzai

生肖鼠，你命中的克星是谁cunzai

生肖鼠年前不可错过的好机遇cunzai

生肖鼠男在感情方面的特征cunzai

属鼠的人如何提升自己的运势cunzai

生肖鼠对待爱情的心情cunzai

开始分析数据http://www.meiguoshenpo.com/shengxiao/niu/

生肖牛的感情世界cunzai

揭晓生肖牛最适宜职业cunzai

生肖牛该如何挽回破碎的爱情cunzai

年前生肖牛需要谨防哪些事cunzai

生肖牛，你的十一月财运如何cunzai

生肖牛，你的十一月职场备战cunzai

11月份生肖牛爱情运势走向cunzai

生肖牛，你命中的克星是谁cunzai

生肖牛年前不可错过的好机遇cunzai

生肖牛男在感情方面的特征cunzai

属牛的人如何提升自己的运势cunzai

生肖牛对待爱情的心情cunzai

开始分析数据http://www.meiguoshenpo.com/shengxiao/hu/

揭晓生肖虎最适宜职业cunzai

生肖虎该如何挽回破碎的爱情cunzai

年前生肖虎需要谨防哪些事cunzai

生肖虎，你的十一月财运如何cunzai

生肖虎，你的十一月职场备战cunzai

11月份生肖虎爱情运势走向cunzai

生肖虎，你命中的克星是谁cunzai

生肖虎年前不可错过的好机遇cunzai

生肖虎男在感情方面的特征cunzai

属虎的人如何提升自己的运势cunzai

生肖虎对待爱情的心情cunzai

生肖虎关乎前途的建议cunzai

开始分析数据http://www.meiguoshenpo.com/shengxiao/tu/

揭晓生肖兔最适宜职业cunzai

生肖兔该如何挽回破碎的爱情cunzai

年前生肖兔需要谨防哪些事cunzai

生肖兔，你的十一月财运如何cunzai

生肖兔，你的十一月职场备战cunzai

11月份生肖兔爱情运势走向cunzai

生肖兔，你命中的克星是谁cunzai

生肖兔年前不可错过的好机遇cunzai

生肖兔男在感情方面的特征cunzai

属兔的人如何提升自己的运势cunzai

生肖兔对待爱情的心情cunzai

生肖兔关乎前途的建议cunzai

开始分析数据http://www.meiguoshenpo.com/shengxiao/long/

生肖龙的感情世界cunzai

揭晓生肖龙最适宜职业cunzai

生肖龙该如何挽回破碎的爱情cunzai

年前生肖龙需要谨防哪些事cunzai

生肖龙，你的十一月财运如何cunzai

生肖龙，你的十一月职场备战cunzai

11月份生肖龙爱情运势走向cunzai

生肖龙，你命中的克星是谁cunzai

生肖龙年前不可错过的好机遇cunzai

生肖龙男在感情方面的特征cunzai

属龙的人如何提升自己的运势cunzai

生肖龙对待爱情的心情cunzai

开始分析数据http://www.meiguoshenpo.com/shengxiao/she/

揭晓生肖蛇最适宜职业cunzai

生肖蛇该如何挽回破碎的爱情cunzai

年前生肖蛇需要谨防哪些事cunzai

生肖蛇，你的十一月财运如何cunzai

生肖蛇，你的十一月职场备战cunzai

11月份生肖蛇爱情运势走向cunzai

生肖蛇，你命中的克星是谁cunzai

生肖蛇年前不可错过的好机遇cunzai

生肖蛇男在感情方面的特征cunzai

属蛇的人如何提升自己的运势cunzai

生肖蛇对待爱情的心情cunzai

生肖蛇关乎前途的建议cunzai

开始分析数据http://www.meiguoshenpo.com/shengxiao/ma/

揭晓生肖马最适宜职业cunzai

生肖马该如何挽回破碎的爱情cunzai

年前生肖马需要谨防哪些事cunzai

生肖马，你的十一月财运如何cunzai

生肖马，你的十一月职场备战cunzai

11月份生肖马爱情运势走向cunzai

生肖马，你命中的克星是谁cunzai

生肖马年前不可错过的好机遇cunzai

生肖马男在感情方面的特征cunzai

属马的人如何提升自己的运势cunzai

生肖马对待爱情的心情cunzai

生肖马关乎前途的建议cunzai

开始分析数据http://www.meiguoshenpo.com/shengxiao/yang/

揭晓生肖羊最适宜职业cunzai

生肖羊该如何挽回破碎的爱情cunzai

年前生肖羊需要谨防哪些事cunzai

生肖羊，你的十一月财运如何cunzai

生肖羊，你的十一月职场备战cunzai

11月份生肖羊爱情运势走向cunzai

生肖羊，你命中的克星是谁cunzai

生肖羊年前不可错过的好机遇cunzai

生肖羊男在感情方面的特征cunzai

属羊的人如何提升自己的运势cunzai

生肖羊对待爱情的心情cunzai

生肖羊关乎前途的建议cunzai

开始分析数据http://www.meiguoshenpo.com/shengxiao/hou/

生肖猴的感情世界cunzai

2016年猴宝宝几月出生最好cunzai

揭晓生肖猴最适宜职业cunzai

生肖猴该如何挽回破碎的爱情cunzai

年前生肖猴需要谨防哪些事cunzai

生肖猴，你的十一月财运如何cunzai

生肖猴，你的十一月职场备战cunzai

11月份生肖猴爱情运势走向cunzai

生肖猴，你命中的克星是谁cunzai

生肖猴年前不可错过的好机遇cunzai

生肖猴男在感情方面的特征cunzai

属猴的人如何提升自己的运势cunzai

开始分析数据http://www.meiguoshenpo.com/shengxiao/ji/

揭晓生肖鸡最适宜职业cunzai

生肖鸡该如何挽回破碎的爱情cunzai

年前生肖鸡需要谨防哪些事cunzai

生肖鸡，你的十一月财运如何cunzai

生肖鸡，你的十一月职场备战cunzai

11月份生肖鸡爱情运势走向cunzai

生肖鸡，你命中的克星是谁cunzai

生肖鸡年前不可错过的好机遇cunzai

生肖鸡男在感情方面的特征cunzai

属鸡的人如何提升自己的运势cunzai

生肖鸡对待爱情的心情cunzai

生肖鸡关乎前途的建议cunzai

开始分析数据http://www.meiguoshenpo.com/shengxiao/gou/

2016年生肖狗桃花攻略cunzai

生肖狗的感情世界cunzai

揭晓生肖狗最适宜职业cunzai

生肖狗该如何挽回破碎的爱情cunzai

年前生肖狗需要谨防哪些事cunzai

生肖狗，你的十一月财运如何cunzai

生肖狗，你的十一月职场备战cunzai

11月份生肖狗爱情运势走向cunzai

生肖狗，你命中的克星是谁cunzai

生肖狗年前不可错过的好机遇cunzai

生肖狗男在感情方面的特征cunzai

属狗的人如何提升自己的运势cunzai

开始分析数据http://www.meiguoshenpo.com/shengxiao/zhu/

生肖猪的感情世界cunzai

揭晓生肖猪最适宜职业cunzai

生肖猪该如何挽回破碎的爱情cunzai

年前生肖猪需要谨防哪些事cunzai

生肖猪，你的十一月财运如何cunzai

生肖猪，你的十一月职场备战cunzai

11月份生肖猪爱情运势走向cunzai

生肖猪，你命中的克星是谁cunzai

生肖猪年前不可错过的好机遇cunzai

生肖猪男在感情方面的特征cunzai

属猪的人如何提升自己的运势cunzai

生肖猪对待爱情的心情cunzai

2016-11-07 14:57:41	 2016-11-07 15:01:32 	 完成数据分析，耗时 230.023394108 s

2016-11-07 15:01:44	 2016-11-07 15:01:44 	 开始数据分析

开始分析数据http://www.meiguoshenpo.com/ceshi/aiqing/

2016-11-07 15:02:49	 2016-11-07 15:02:49 	 开始数据分析

开始分析数据http://www.meiguoshenpo.com/ceshi/aiqing/

采集成功

采集成功

采集成功

采集成功

采集成功

采集成功

采集成功

采集成功

采集成功

采集成功

采集成功

采集成功

开始分析数据http://www.meiguoshenpo.com/ceshi/xingge/

采集成功

采集成功

采集成功

采集成功

采集成功

采集成功

采集成功

采集成功

采集成功

采集成功

采集成功

采集成功

开始分析数据http://www.meiguoshenpo.com/ceshi/caifu/

采集成功

采集成功

采集成功

采集成功

采集成功

采集成功

采集成功

采集成功

采集成功

采集成功

采集成功

采集成功

开始分析数据http://www.meiguoshenpo.com/ceshi/zhishang/

采集成功

采集成功

采集成功

采集成功

采集成功

采集成功

采集成功

采集成功

采集成功

采集成功

采集成功

采集成功

2016-11-07 15:02:49	 2016-11-07 15:09:03 	 完成数据分析，耗时 373.864500999 s

2016-11-07 15:09:30	 2016-11-07 15:09:30 	 开始数据分析

开始分析数据http://www.meiguoshenpo.com/fengshui/jiaju/

2016-11-07 15:10:23	 2016-11-07 15:10:23 	 开始数据分析

开始分析数据http://www.meiguoshenpo.com/fengshui/jiaju/

采集成功

采集成功

采集成功

采集成功

采集成功

采集成功

采集成功

采集成功

采集成功

采集成功

采集成功

采集成功

开始分析数据http://www.meiguoshenpo.com/fengshui/zhishi/

采集成功

采集成功

采集成功

采集成功

采集成功

采集成功

采集成功

采集成功

采集成功

采集成功

采集成功

采集成功

开始分析数据

2016-11-07 15:10:23	 2016-11-07 15:11:15 	 完成数据分析，耗时 52.3700809479 s

2016-11-07 15:13:35	 2016-11-07 15:13:35 	 开始数据分析

开始分析数据http://www.meiguoshenpo.com/fengshui/jiaju/

采集成功

采集成功

采集成功

采集成功

采集成功

采集成功

采集成功

采集成功

采集成功

采集成功

采集成功

采集成功

开始分析数据http://www.meiguoshenpo.com/fengshui/zhishi/

采集成功

采集成功

采集成功

采集成功

采集成功

采集成功

采集成功

采集成功

采集成功

采集成功

采集成功

采集成功

开始分析数据

2016-11-07 15:13:35	 2016-11-07 15:14:05 	 完成数据分析，耗时 30.1747751236 s

2016-11-07 15:41:58	 2016-11-07 15:41:58 	 开始数据分析

开始分析数据http://www.meiguoshenpo.com/xiangxue/mxseg/

2016-11-07 15:42:40	 2016-11-07 15:42:40 	 开始数据分析

开始分析数据http://www.meiguoshenpo.com/xiangxue/mxseg/

采集成功

采集成功

采集成功

采集成功

采集成功

采集成功

采集成功

采集成功

采集成功

采集成功

采集成功

采集成功

开始分析数据http://www.meiguoshenpo.com/xiangxue/jiankang/

采集成功

采集成功

采集成功

采集成功

采集成功

采集成功

采集成功

采集成功

采集成功

采集成功

采集成功

采集成功

2016-11-07 15:42:40	 2016-11-07 15:43:33 	 完成数据分析，耗时 53.0720090866 s

